<?xml version="1.0" encoding="UTF-8"?>
<!-- Generated by org.testng.reporters.JUnitXMLReporter -->
<testsuite ignored="0" hostname="user-PC" failures="0" tests="4" name="Test" time="124.997" errors="0" timestamp="2021-03-21T21:01:57 IST">
  <testcase classname="testng.NewTest" name="verifyHomepageTitle" time="21.211"/>
  <testcase classname="testng.NewTest" name="search" time="41.1"/>
  <testcase classname="testng.searching" name="f" time="70.384"/>
  <testcase classname="testng.NewTest" name="search1" time="23.504"/>
</testsuite> <!-- Test -->
