<?xml version="1.0" encoding="UTF-8"?>
<testng-results ignored="0" total="1" passed="1" failed="0" skipped="0">
  <reporter-output>
  </reporter-output>
  <suite started-at="2021-04-11T14:29:10 IST" name="Default suite" finished-at="2021-04-11T14:30:27 IST" duration-ms="76660">
    <groups>
    </groups>
    <test started-at="2021-04-11T14:29:10 IST" name="Default test" finished-at="2021-04-11T14:30:27 IST" duration-ms="76660">
      <class name="testng.datepicker">
        <test-method is-config="true" signature="Start()[pri:0, instance:testng.datepicker@4d4d8fcf]" started-at="2021-04-11T14:29:10 IST" name="Start" finished-at="2021-04-11T14:30:08 IST" duration-ms="57665" status="PASS">
          <reporter-output>
          </reporter-output>
        </test-method> <!-- Start -->
        <test-method signature="testDAtePicker()[pri:0, instance:testng.datepicker@4d4d8fcf]" started-at="2021-04-11T14:30:08 IST" name="testDAtePicker" finished-at="2021-04-11T14:30:27 IST" duration-ms="18836" status="PASS">
          <reporter-output>
          </reporter-output>
        </test-method> <!-- testDAtePicker -->
      </class> <!-- testng.datepicker -->
    </test> <!-- Default test -->
  </suite> <!-- Default suite -->
</testng-results>
